<?xml version="1.0" encoding="UTF-8"?>
<testsuite xmlns:xsi="http://www.w3.org/2001/XMLSchema-instance" xsi:noNamespaceSchemaLocation="https://maven.apache.org/surefire/maven-surefire-plugin/xsd/surefire-test-report-3.0.xsd" version="3.0" name="TestSuite" time="244.448" tests="7" errors="0" skipped="1" failures="0">
  <properties>
    <property name="java.specification.version" value="17"/>
    <property name="sun.cpu.isalist" value="amd64"/>
    <property name="sun.jnu.encoding" value="Cp1252"/>
    <property name="java.class.path" value="C:\Users\admin\Desktop\advance\advance\target\test-classes;C:\Users\admin\Desktop\advance\advance\target\classes;C:\Users\admin\.m2\repository\org\seleniumhq\selenium\selenium-java\4.24.0\selenium-java-4.24.0.jar;C:\Users\admin\.m2\repository\org\seleniumhq\selenium\selenium-api\4.24.0\selenium-api-4.24.0.jar;C:\Users\admin\.m2\repository\org\jspecify\jspecify\1.0.0\jspecify-1.0.0.jar;C:\Users\admin\.m2\repository\org\seleniumhq\selenium\selenium-chrome-driver\4.24.0\selenium-chrome-driver-4.24.0.jar;C:\Users\admin\.m2\repository\com\google\auto\service\auto-service-annotations\1.1.1\auto-service-annotations-1.1.1.jar;C:\Users\admin\.m2\repository\org\seleniumhq\selenium\selenium-chromium-driver\4.24.0\selenium-chromium-driver-4.24.0.jar;C:\Users\admin\.m2\repository\org\seleniumhq\selenium\selenium-json\4.24.0\selenium-json-4.24.0.jar;C:\Users\admin\.m2\repository\org\seleniumhq\selenium\selenium-manager\4.24.0\selenium-manager-4.24.0.jar;C:\Users\admin\.m2\repository\org\seleniumhq\selenium\selenium-devtools-v126\4.24.0\selenium-devtools-v126-4.24.0.jar;C:\Users\admin\.m2\repository\org\seleniumhq\selenium\selenium-devtools-v127\4.24.0\selenium-devtools-v127-4.24.0.jar;C:\Users\admin\.m2\repository\org\seleniumhq\selenium\selenium-devtools-v128\4.24.0\selenium-devtools-v128-4.24.0.jar;C:\Users\admin\.m2\repository\org\seleniumhq\selenium\selenium-devtools-v85\4.24.0\selenium-devtools-v85-4.24.0.jar;C:\Users\admin\.m2\repository\org\seleniumhq\selenium\selenium-edge-driver\4.24.0\selenium-edge-driver-4.24.0.jar;C:\Users\admin\.m2\repository\org\seleniumhq\selenium\selenium-firefox-driver\4.24.0\selenium-firefox-driver-4.24.0.jar;C:\Users\admin\.m2\repository\org\seleniumhq\selenium\selenium-http\4.24.0\selenium-http-4.24.0.jar;C:\Users\admin\.m2\repository\dev\failsafe\failsafe\3.3.2\failsafe-3.3.2.jar;C:\Users\admin\.m2\repository\org\seleniumhq\selenium\selenium-ie-driver\4.24.0\selenium-ie-driver-4.24.0.jar;C:\Users\admin\.m2\repository\org\seleniumhq\selenium\selenium-remote-driver\4.24.0\selenium-remote-driver-4.24.0.jar;C:\Users\admin\.m2\repository\io\opentelemetry\semconv\opentelemetry-semconv\1.25.0-alpha\opentelemetry-semconv-1.25.0-alpha.jar;C:\Users\admin\.m2\repository\io\opentelemetry\opentelemetry-api\1.41.0\opentelemetry-api-1.41.0.jar;C:\Users\admin\.m2\repository\io\opentelemetry\opentelemetry-context\1.41.0\opentelemetry-context-1.41.0.jar;C:\Users\admin\.m2\repository\io\opentelemetry\opentelemetry-exporter-logging\1.41.0\opentelemetry-exporter-logging-1.41.0.jar;C:\Users\admin\.m2\repository\io\opentelemetry\opentelemetry-sdk-common\1.41.0\opentelemetry-sdk-common-1.41.0.jar;C:\Users\admin\.m2\repository\io\opentelemetry\opentelemetry-sdk-extension-autoconfigure-spi\1.41.0\opentelemetry-sdk-extension-autoconfigure-spi-1.41.0.jar;C:\Users\admin\.m2\repository\io\opentelemetry\opentelemetry-sdk-extension-autoconfigure\1.41.0\opentelemetry-sdk-extension-autoconfigure-1.41.0.jar;C:\Users\admin\.m2\repository\io\opentelemetry\opentelemetry-api-incubator\1.41.0-alpha\opentelemetry-api-incubator-1.41.0-alpha.jar;C:\Users\admin\.m2\repository\io\opentelemetry\opentelemetry-sdk-trace\1.41.0\opentelemetry-sdk-trace-1.41.0.jar;C:\Users\admin\.m2\repository\io\opentelemetry\opentelemetry-sdk\1.41.0\opentelemetry-sdk-1.41.0.jar;C:\Users\admin\.m2\repository\io\opentelemetry\opentelemetry-sdk-metrics\1.41.0\opentelemetry-sdk-metrics-1.41.0.jar;C:\Users\admin\.m2\repository\io\opentelemetry\opentelemetry-sdk-logs\1.41.0\opentelemetry-sdk-logs-1.41.0.jar;C:\Users\admin\.m2\repository\org\seleniumhq\selenium\selenium-os\4.24.0\selenium-os-4.24.0.jar;C:\Users\admin\.m2\repository\org\apache\commons\commons-exec\1.4.0\commons-exec-1.4.0.jar;C:\Users\admin\.m2\repository\org\seleniumhq\selenium\selenium-safari-driver\4.24.0\selenium-safari-driver-4.24.0.jar;C:\Users\admin\.m2\repository\org\seleniumhq\selenium\selenium-support\4.24.0\selenium-support-4.24.0.jar;C:\Users\admin\.m2\repository\org\apache\logging\log4j\log4j-core\2.23.1\log4j-core-2.23.1.jar;C:\Users\admin\.m2\repository\org\apache\logging\log4j\log4j-api\2.23.1\log4j-api-2.23.1.jar;C:\Users\admin\.m2\repository\org\testng\testng\7.10.2\testng-7.10.2.jar;C:\Users\admin\.m2\repository\org\slf4j\slf4j-api\1.7.36\slf4j-api-1.7.36.jar;C:\Users\admin\.m2\repository\com\beust\jcommander\1.82\jcommander-1.82.jar;C:\Users\admin\.m2\repository\org\webjars\jquery\3.7.1\jquery-3.7.1.jar;C:\Users\admin\.m2\repository\io\github\bonigarcia\webdrivermanager\5.0.3\webdrivermanager-5.0.3.jar;C:\Users\admin\.m2\repository\com\google\code\gson\gson\2.8.8\gson-2.8.8.jar;C:\Users\admin\.m2\repository\org\jsoup\jsoup\1.14.2\jsoup-1.14.2.jar;C:\Users\admin\.m2\repository\com\github\docker-java\docker-java\3.2.12\docker-java-3.2.12.jar;C:\Users\admin\.m2\repository\com\github\docker-java\docker-java-core\3.2.12\docker-java-core-3.2.12.jar;C:\Users\admin\.m2\repository\com\github\docker-java\docker-java-api\3.2.12\docker-java-api-3.2.12.jar;C:\Users\admin\.m2\repository\commons-lang\commons-lang\2.6\commons-lang-2.6.jar;C:\Users\admin\.m2\repository\org\bouncycastle\bcpkix-jdk15on\1.64\bcpkix-jdk15on-1.64.jar;C:\Users\admin\.m2\repository\org\bouncycastle\bcprov-jdk15on\1.64\bcprov-jdk15on-1.64.jar;C:\Users\admin\.m2\repository\org\slf4j\jcl-over-slf4j\1.7.30\jcl-over-slf4j-1.7.30.jar;C:\Users\admin\.m2\repository\com\github\docker-java\docker-java-transport-httpclient5\3.2.12\docker-java-transport-httpclient5-3.2.12.jar;C:\Users\admin\.m2\repository\com\github\docker-java\docker-java-transport\3.2.12\docker-java-transport-3.2.12.jar;C:\Users\admin\.m2\repository\org\apache\httpcomponents\client5\httpclient5\5.0.3\httpclient5-5.0.3.jar;C:\Users\admin\.m2\repository\org\apache\httpcomponents\core5\httpcore5\5.0.2\httpcore5-5.0.2.jar;C:\Users\admin\.m2\repository\net\java\dev\jna\jna\5.8.0\jna-5.8.0.jar;C:\Users\admin\.m2\repository\com\google\guava\guava\30.1.1-jre\guava-30.1.1-jre.jar;C:\Users\admin\.m2\repository\com\google\guava\failureaccess\1.0.1\failureaccess-1.0.1.jar;C:\Users\admin\.m2\repository\com\google\guava\listenablefuture\9999.0-empty-to-avoid-conflict-with-guava\listenablefuture-9999.0-empty-to-avoid-conflict-with-guava.jar;C:\Users\admin\.m2\repository\com\google\code\findbugs\jsr305\3.0.2\jsr305-3.0.2.jar;C:\Users\admin\.m2\repository\org\checkerframework\checker-qual\3.8.0\checker-qual-3.8.0.jar;C:\Users\admin\.m2\repository\com\google\errorprone\error_prone_annotations\2.5.1\error_prone_annotations-2.5.1.jar;C:\Users\admin\.m2\repository\com\google\j2objc\j2objc-annotations\1.3\j2objc-annotations-1.3.jar;C:\Users\admin\.m2\repository\org\brotli\dec\0.1.2\dec-0.1.2.jar;C:\Users\admin\.m2\repository\com\fasterxml\jackson\core\jackson-databind\2.17.1\jackson-databind-2.17.1.jar;C:\Users\admin\.m2\repository\com\fasterxml\jackson\core\jackson-annotations\2.17.1\jackson-annotations-2.17.1.jar;C:\Users\admin\.m2\repository\com\fasterxml\jackson\core\jackson-core\2.17.1\jackson-core-2.17.1.jar;C:\Users\admin\.m2\repository\com\aventstack\extentreports\5.1.1\extentreports-5.1.1.jar;C:\Users\admin\.m2\repository\io\reactivex\rxjava3\rxjava\3.1.6\rxjava-3.1.6.jar;C:\Users\admin\.m2\repository\org\reactivestreams\reactive-streams\1.0.4\reactive-streams-1.0.4.jar;C:\Users\admin\.m2\repository\org\freemarker\freemarker\2.3.32\freemarker-2.3.32.jar;C:\Users\admin\.m2\repository\org\assertj\assertj-core\3.25.3\assertj-core-3.25.3.jar;C:\Users\admin\.m2\repository\net\bytebuddy\byte-buddy\1.14.11\byte-buddy-1.14.11.jar;C:\Users\admin\.m2\repository\org\apache\commons\commons-lang3\3.14.0\commons-lang3-3.14.0.jar;C:\Users\admin\.m2\repository\org\apache\poi\poi\5.2.5\poi-5.2.5.jar;C:\Users\admin\.m2\repository\commons-codec\commons-codec\1.16.0\commons-codec-1.16.0.jar;C:\Users\admin\.m2\repository\org\apache\commons\commons-collections4\4.4\commons-collections4-4.4.jar;C:\Users\admin\.m2\repository\org\apache\commons\commons-math3\3.6.1\commons-math3-3.6.1.jar;C:\Users\admin\.m2\repository\commons-io\commons-io\2.15.0\commons-io-2.15.0.jar;C:\Users\admin\.m2\repository\com\zaxxer\SparseBitSet\1.3\SparseBitSet-1.3.jar;C:\Users\admin\.m2\repository\org\apache\poi\poi-ooxml\5.2.5\poi-ooxml-5.2.5.jar;C:\Users\admin\.m2\repository\org\apache\poi\poi-ooxml-lite\5.2.5\poi-ooxml-lite-5.2.5.jar;C:\Users\admin\.m2\repository\org\apache\xmlbeans\xmlbeans\5.2.0\xmlbeans-5.2.0.jar;C:\Users\admin\.m2\repository\org\apache\commons\commons-compress\1.25.0\commons-compress-1.25.0.jar;C:\Users\admin\.m2\repository\com\github\virtuald\curvesapi\1.08\curvesapi-1.08.jar;C:\Users\admin\.m2\repository\com\sun\mail\javax.mail\1.6.2\javax.mail-1.6.2.jar;C:\Users\admin\.m2\repository\javax\activation\activation\1.1\activation-1.1.jar;C:\Users\admin\.m2\repository\org\zeroturnaround\zt-zip\1.14\zt-zip-1.14.jar;C:\Users\admin\.m2\repository\org\projectlombok\lombok\1.18.30\lombok-1.18.30.jar;"/>
    <property name="java.vm.vendor" value="Oracle Corporation"/>
    <property name="sun.arch.data.model" value="64"/>
    <property name="user.variant" value=""/>
    <property name="java.vendor.url" value="https://java.oracle.com/"/>
    <property name="user.timezone" value="Asia/Calcutta"/>
    <property name="os.name" value="Windows 10"/>
    <property name="java.vm.specification.version" value="17"/>
    <property name="sun.java.launcher" value="SUN_STANDARD"/>
    <property name="user.country" value="IN"/>
    <property name="sun.boot.library.path" value="C:\Program Files\Java\jdk-17\bin"/>
    <property name="sun.java.command" value="C:\Users\admin\AppData\Local\Temp\surefire2857648904953824488\surefirebooter-20240912144256653_3.jar C:\Users\admin\AppData\Local\Temp\surefire2857648904953824488 2024-09-12T14-42-56_374-jvmRun1 surefire-20240912144256653_1tmp surefire_0-20240912144256653_2tmp"/>
    <property name="jdk.debug" value="release"/>
    <property name="surefire.test.class.path" value="C:\Users\admin\Desktop\advance\advance\target\test-classes;C:\Users\admin\Desktop\advance\advance\target\classes;C:\Users\admin\.m2\repository\org\seleniumhq\selenium\selenium-java\4.24.0\selenium-java-4.24.0.jar;C:\Users\admin\.m2\repository\org\seleniumhq\selenium\selenium-api\4.24.0\selenium-api-4.24.0.jar;C:\Users\admin\.m2\repository\org\jspecify\jspecify\1.0.0\jspecify-1.0.0.jar;C:\Users\admin\.m2\repository\org\seleniumhq\selenium\selenium-chrome-driver\4.24.0\selenium-chrome-driver-4.24.0.jar;C:\Users\admin\.m2\repository\com\google\auto\service\auto-service-annotations\1.1.1\auto-service-annotations-1.1.1.jar;C:\Users\admin\.m2\repository\org\seleniumhq\selenium\selenium-chromium-driver\4.24.0\selenium-chromium-driver-4.24.0.jar;C:\Users\admin\.m2\repository\org\seleniumhq\selenium\selenium-json\4.24.0\selenium-json-4.24.0.jar;C:\Users\admin\.m2\repository\org\seleniumhq\selenium\selenium-manager\4.24.0\selenium-manager-4.24.0.jar;C:\Users\admin\.m2\repository\org\seleniumhq\selenium\selenium-devtools-v126\4.24.0\selenium-devtools-v126-4.24.0.jar;C:\Users\admin\.m2\repository\org\seleniumhq\selenium\selenium-devtools-v127\4.24.0\selenium-devtools-v127-4.24.0.jar;C:\Users\admin\.m2\repository\org\seleniumhq\selenium\selenium-devtools-v128\4.24.0\selenium-devtools-v128-4.24.0.jar;C:\Users\admin\.m2\repository\org\seleniumhq\selenium\selenium-devtools-v85\4.24.0\selenium-devtools-v85-4.24.0.jar;C:\Users\admin\.m2\repository\org\seleniumhq\selenium\selenium-edge-driver\4.24.0\selenium-edge-driver-4.24.0.jar;C:\Users\admin\.m2\repository\org\seleniumhq\selenium\selenium-firefox-driver\4.24.0\selenium-firefox-driver-4.24.0.jar;C:\Users\admin\.m2\repository\org\seleniumhq\selenium\selenium-http\4.24.0\selenium-http-4.24.0.jar;C:\Users\admin\.m2\repository\dev\failsafe\failsafe\3.3.2\failsafe-3.3.2.jar;C:\Users\admin\.m2\repository\org\seleniumhq\selenium\selenium-ie-driver\4.24.0\selenium-ie-driver-4.24.0.jar;C:\Users\admin\.m2\repository\org\seleniumhq\selenium\selenium-remote-driver\4.24.0\selenium-remote-driver-4.24.0.jar;C:\Users\admin\.m2\repository\io\opentelemetry\semconv\opentelemetry-semconv\1.25.0-alpha\opentelemetry-semconv-1.25.0-alpha.jar;C:\Users\admin\.m2\repository\io\opentelemetry\opentelemetry-api\1.41.0\opentelemetry-api-1.41.0.jar;C:\Users\admin\.m2\repository\io\opentelemetry\opentelemetry-context\1.41.0\opentelemetry-context-1.41.0.jar;C:\Users\admin\.m2\repository\io\opentelemetry\opentelemetry-exporter-logging\1.41.0\opentelemetry-exporter-logging-1.41.0.jar;C:\Users\admin\.m2\repository\io\opentelemetry\opentelemetry-sdk-common\1.41.0\opentelemetry-sdk-common-1.41.0.jar;C:\Users\admin\.m2\repository\io\opentelemetry\opentelemetry-sdk-extension-autoconfigure-spi\1.41.0\opentelemetry-sdk-extension-autoconfigure-spi-1.41.0.jar;C:\Users\admin\.m2\repository\io\opentelemetry\opentelemetry-sdk-extension-autoconfigure\1.41.0\opentelemetry-sdk-extension-autoconfigure-1.41.0.jar;C:\Users\admin\.m2\repository\io\opentelemetry\opentelemetry-api-incubator\1.41.0-alpha\opentelemetry-api-incubator-1.41.0-alpha.jar;C:\Users\admin\.m2\repository\io\opentelemetry\opentelemetry-sdk-trace\1.41.0\opentelemetry-sdk-trace-1.41.0.jar;C:\Users\admin\.m2\repository\io\opentelemetry\opentelemetry-sdk\1.41.0\opentelemetry-sdk-1.41.0.jar;C:\Users\admin\.m2\repository\io\opentelemetry\opentelemetry-sdk-metrics\1.41.0\opentelemetry-sdk-metrics-1.41.0.jar;C:\Users\admin\.m2\repository\io\opentelemetry\opentelemetry-sdk-logs\1.41.0\opentelemetry-sdk-logs-1.41.0.jar;C:\Users\admin\.m2\repository\org\seleniumhq\selenium\selenium-os\4.24.0\selenium-os-4.24.0.jar;C:\Users\admin\.m2\repository\org\apache\commons\commons-exec\1.4.0\commons-exec-1.4.0.jar;C:\Users\admin\.m2\repository\org\seleniumhq\selenium\selenium-safari-driver\4.24.0\selenium-safari-driver-4.24.0.jar;C:\Users\admin\.m2\repository\org\seleniumhq\selenium\selenium-support\4.24.0\selenium-support-4.24.0.jar;C:\Users\admin\.m2\repository\org\apache\logging\log4j\log4j-core\2.23.1\log4j-core-2.23.1.jar;C:\Users\admin\.m2\repository\org\apache\logging\log4j\log4j-api\2.23.1\log4j-api-2.23.1.jar;C:\Users\admin\.m2\repository\org\testng\testng\7.10.2\testng-7.10.2.jar;C:\Users\admin\.m2\repository\org\slf4j\slf4j-api\1.7.36\slf4j-api-1.7.36.jar;C:\Users\admin\.m2\repository\com\beust\jcommander\1.82\jcommander-1.82.jar;C:\Users\admin\.m2\repository\org\webjars\jquery\3.7.1\jquery-3.7.1.jar;C:\Users\admin\.m2\repository\io\github\bonigarcia\webdrivermanager\5.0.3\webdrivermanager-5.0.3.jar;C:\Users\admin\.m2\repository\com\google\code\gson\gson\2.8.8\gson-2.8.8.jar;C:\Users\admin\.m2\repository\org\jsoup\jsoup\1.14.2\jsoup-1.14.2.jar;C:\Users\admin\.m2\repository\com\github\docker-java\docker-java\3.2.12\docker-java-3.2.12.jar;C:\Users\admin\.m2\repository\com\github\docker-java\docker-java-core\3.2.12\docker-java-core-3.2.12.jar;C:\Users\admin\.m2\repository\com\github\docker-java\docker-java-api\3.2.12\docker-java-api-3.2.12.jar;C:\Users\admin\.m2\repository\commons-lang\commons-lang\2.6\commons-lang-2.6.jar;C:\Users\admin\.m2\repository\org\bouncycastle\bcpkix-jdk15on\1.64\bcpkix-jdk15on-1.64.jar;C:\Users\admin\.m2\repository\org\bouncycastle\bcprov-jdk15on\1.64\bcprov-jdk15on-1.64.jar;C:\Users\admin\.m2\repository\org\slf4j\jcl-over-slf4j\1.7.30\jcl-over-slf4j-1.7.30.jar;C:\Users\admin\.m2\repository\com\github\docker-java\docker-java-transport-httpclient5\3.2.12\docker-java-transport-httpclient5-3.2.12.jar;C:\Users\admin\.m2\repository\com\github\docker-java\docker-java-transport\3.2.12\docker-java-transport-3.2.12.jar;C:\Users\admin\.m2\repository\org\apache\httpcomponents\client5\httpclient5\5.0.3\httpclient5-5.0.3.jar;C:\Users\admin\.m2\repository\org\apache\httpcomponents\core5\httpcore5\5.0.2\httpcore5-5.0.2.jar;C:\Users\admin\.m2\repository\net\java\dev\jna\jna\5.8.0\jna-5.8.0.jar;C:\Users\admin\.m2\repository\com\google\guava\guava\30.1.1-jre\guava-30.1.1-jre.jar;C:\Users\admin\.m2\repository\com\google\guava\failureaccess\1.0.1\failureaccess-1.0.1.jar;C:\Users\admin\.m2\repository\com\google\guava\listenablefuture\9999.0-empty-to-avoid-conflict-with-guava\listenablefuture-9999.0-empty-to-avoid-conflict-with-guava.jar;C:\Users\admin\.m2\repository\com\google\code\findbugs\jsr305\3.0.2\jsr305-3.0.2.jar;C:\Users\admin\.m2\repository\org\checkerframework\checker-qual\3.8.0\checker-qual-3.8.0.jar;C:\Users\admin\.m2\repository\com\google\errorprone\error_prone_annotations\2.5.1\error_prone_annotations-2.5.1.jar;C:\Users\admin\.m2\repository\com\google\j2objc\j2objc-annotations\1.3\j2objc-annotations-1.3.jar;C:\Users\admin\.m2\repository\org\brotli\dec\0.1.2\dec-0.1.2.jar;C:\Users\admin\.m2\repository\com\fasterxml\jackson\core\jackson-databind\2.17.1\jackson-databind-2.17.1.jar;C:\Users\admin\.m2\repository\com\fasterxml\jackson\core\jackson-annotations\2.17.1\jackson-annotations-2.17.1.jar;C:\Users\admin\.m2\repository\com\fasterxml\jackson\core\jackson-core\2.17.1\jackson-core-2.17.1.jar;C:\Users\admin\.m2\repository\com\aventstack\extentreports\5.1.1\extentreports-5.1.1.jar;C:\Users\admin\.m2\repository\io\reactivex\rxjava3\rxjava\3.1.6\rxjava-3.1.6.jar;C:\Users\admin\.m2\repository\org\reactivestreams\reactive-streams\1.0.4\reactive-streams-1.0.4.jar;C:\Users\admin\.m2\repository\org\freemarker\freemarker\2.3.32\freemarker-2.3.32.jar;C:\Users\admin\.m2\repository\org\assertj\assertj-core\3.25.3\assertj-core-3.25.3.jar;C:\Users\admin\.m2\repository\net\bytebuddy\byte-buddy\1.14.11\byte-buddy-1.14.11.jar;C:\Users\admin\.m2\repository\org\apache\commons\commons-lang3\3.14.0\commons-lang3-3.14.0.jar;C:\Users\admin\.m2\repository\org\apache\poi\poi\5.2.5\poi-5.2.5.jar;C:\Users\admin\.m2\repository\commons-codec\commons-codec\1.16.0\commons-codec-1.16.0.jar;C:\Users\admin\.m2\repository\org\apache\commons\commons-collections4\4.4\commons-collections4-4.4.jar;C:\Users\admin\.m2\repository\org\apache\commons\commons-math3\3.6.1\commons-math3-3.6.1.jar;C:\Users\admin\.m2\repository\commons-io\commons-io\2.15.0\commons-io-2.15.0.jar;C:\Users\admin\.m2\repository\com\zaxxer\SparseBitSet\1.3\SparseBitSet-1.3.jar;C:\Users\admin\.m2\repository\org\apache\poi\poi-ooxml\5.2.5\poi-ooxml-5.2.5.jar;C:\Users\admin\.m2\repository\org\apache\poi\poi-ooxml-lite\5.2.5\poi-ooxml-lite-5.2.5.jar;C:\Users\admin\.m2\repository\org\apache\xmlbeans\xmlbeans\5.2.0\xmlbeans-5.2.0.jar;C:\Users\admin\.m2\repository\org\apache\commons\commons-compress\1.25.0\commons-compress-1.25.0.jar;C:\Users\admin\.m2\repository\com\github\virtuald\curvesapi\1.08\curvesapi-1.08.jar;C:\Users\admin\.m2\repository\com\sun\mail\javax.mail\1.6.2\javax.mail-1.6.2.jar;C:\Users\admin\.m2\repository\javax\activation\activation\1.1\activation-1.1.jar;C:\Users\admin\.m2\repository\org\zeroturnaround\zt-zip\1.14\zt-zip-1.14.jar;C:\Users\admin\.m2\repository\org\projectlombok\lombok\1.18.30\lombok-1.18.30.jar;"/>
    <property name="sun.cpu.endian" value="little"/>
    <property name="user.home" value="C:\Users\admin"/>
    <property name="user.language" value="en"/>
    <property name="java.specification.vendor" value="Oracle Corporation"/>
    <property name="java.version.date" value="2024-01-16"/>
    <property name="java.home" value="C:\Program Files\Java\jdk-17"/>
    <property name="file.separator" value="\"/>
    <property name="basedir" value="C:\Users\admin\Desktop\advance\advance"/>
    <property name="java.vm.compressedOopsMode" value="Zero based"/>
    <property name="line.separator" value="&#10;"/>
    <property name="java.vm.specification.vendor" value="Oracle Corporation"/>
    <property name="java.specification.name" value="Java Platform API Specification"/>
    <property name="surefire.real.class.path" value="C:\Users\admin\AppData\Local\Temp\surefire2857648904953824488\surefirebooter-20240912144256653_3.jar"/>
    <property name="user.script" value=""/>
    <property name="sun.management.compiler" value="HotSpot 64-Bit Tiered Compilers"/>
    <property name="java.runtime.version" value="17.0.10+11-LTS-240"/>
    <property name="user.name" value="admin"/>
    <property name="path.separator" value=";"/>
    <property name="otel.metrics.exporter" value="none"/>
    <property name="os.version" value="10.0"/>
    <property name="java.runtime.name" value="Java(TM) SE Runtime Environment"/>
    <property name="otel.traces.exporter" value="none"/>
    <property name="file.encoding" value="Cp1252"/>
    <property name="java.vm.name" value="Java HotSpot(TM) 64-Bit Server VM"/>
    <property name="localRepository" value="C:\Users\admin\.m2\repository"/>
    <property name="java.vendor.url.bug" value="https://bugreport.java.com/bugreport/"/>
    <property name="otel.logs.exporter" value="none"/>
    <property name="java.io.tmpdir" value="C:\Users\admin\AppData\Local\Temp\"/>
    <property name="java.version" value="17.0.10"/>
    <property name="user.dir" value="C:\Users\admin\Desktop\advance\advance"/>
    <property name="os.arch" value="amd64"/>
    <property name="java.vm.specification.name" value="Java Virtual Machine Specification"/>
    <property name="sun.os.patch.level" value=""/>
    <property name="native.encoding" value="Cp1252"/>
    <property name="java.library.path" value="C:\Program Files\Java\jdk-17\bin;C:\Windows\Sun\Java\bin;C:\Windows\system32;C:\Windows;C:\Python312\Scripts\;C:\Python312\;C:\Program Files\Common Files\Oracle\Java\javapath;C:\Windows\system32;C:\Windows;C:\Windows\System32\Wbem;C:\Windows\System32\WindowsPowerShell\v1.0\;C:\Windows\System32\OpenSSH\;D:\apache-maven-3.9.6-bin\apache-maven-3.9.6\bin;C:\ProgramData\chocolatey\bin;C:\Users\admin\AppData\Local\Android\Sdk\platform-tools;C:\Users\admin\AppData\Local\Android\Sdk\emulator;C:\Program Files\Git\cmd;C:\Program Files\Java\jdk-17\bin;C:\Program Files\GitHub CLI\;C:\Program Files\nodejs\;C:\Program Files\Docker\Docker\resources\bin;C:\Users\admin\AppData\Local\Programs\Python\Python311\Scripts\;C:\Users\admin\AppData\Local\Programs\Python\Python311\;C:\Users\admin\AppData\Local\Microsoft\WindowsApps;C:\Users\admin\AppData\Local\Programs\Microsoft VS Code\bin;C:\Program Files\JetBrains\IntelliJ IDEA 2024.1\bin;C:\Users\admin\AppData\Local\GitHubDesktop\bin;C:\Program Files\JetBrains\IntelliJ IDEA Community Edition 2024.1.2\bin;C:\Users\admin\AppData\Roaming\npm;C:\Program Files\Tesseract-OCR;."/>
    <property name="java.vm.info" value="mixed mode, sharing"/>
    <property name="java.vendor" value="Oracle Corporation"/>
    <property name="java.vm.version" value="17.0.10+11-LTS-240"/>
    <property name="sun.io.unicode.encoding" value="UnicodeLittle"/>
    <property name="java.class.version" value="61.0"/>
  </properties>
  <testcase name="Rusksearchproduct[{product=Rusk, testname=Rusksearchproduct, SecondProduct=Britania Rusk, execute=Yes, browser=Edge}](1)" classname="com.starquick.test.starquickaddcartjourney" time="0.0">
    <skipped message="Expected condition failed: waiting for element to be clickable: By.xpath: //img[@class=&apos;location-close-button&apos;] (tried for 30 second(s) with 500 milliseconds interval)&#10;Build info: version: &apos;4.24.0&apos;, revision: &apos;748ffc9bc3&apos;&#10;System info: os.name: &apos;Windows 10&apos;, os.arch: &apos;amd64&apos;, os.version: &apos;10.0&apos;, java.version: &apos;17.0.10&apos;&#10;Driver info: org.openqa.selenium.remote.RemoteWebDriver&#10;Capabilities {acceptInsecureCerts: false, browserName: MicrosoftEdge, browserVersion: 130.0.2808.0, fedcm:accounts: true, ms:edgeOptions: {debuggerAddress: localhost:45363}, msedge: {msedgedriverVersion: 130.0.2808.1 (814e2e363311e..., userDataDir: /tmp/.com.microsoft.Edge.U7...}, networkConnectionEnabled: false, pageLoadStrategy: normal, platformName: linux, proxy: Proxy(), se:bidiEnabled: false, se:cdp: ws://172.18.0.2:4444/sessio..., se:cdpVersion: 130.0.2808.0, se:containerName: , se:noVncPort: 7900, se:vnc: ws://172.18.0.2:4444/sessio..., se:vncEnabled: true, se:vncLocalAddress: ws://172.18.0.2:7900, setWindowRect: true, strictFileInteractability: false, timeouts: {implicit: 0, pageLoad: 300000, script: 30000}, unhandledPromptBehavior: dismiss and notify, webauthn:extension:credBlob: true, webauthn:extension:largeBlob: true, webauthn:extension:minPinLength: true, webauthn:extension:prf: true, webauthn:virtualAuthenticators: true}&#10;Session ID: 7ebfee2a8e336b24e98bc003af5c4463"/>
    <system-out><![CDATA[2024-Sep-12 14:42:58 [TestNG-tests-1] DEBUG org.apache.poi.openxml4j.opc.PackageRelationshipCollection - Parsing relationship: /xl/_rels/workbook.xml.rels
2024-Sep-12 14:42:58 [TestNG-tests-1] DEBUG org.apache.poi.openxml4j.opc.PackageRelationshipCollection - Parsing relationship: /_rels/.rels
2024-Sep-12 14:42:59 [TestNG-tests-1] TRACE org.apache.xmlbeans.impl.common.XBeanDebug - Loading type system org.apache.poi.schemas.ooxml.system.ooxml
2024-Sep-12 14:42:59 [TestNG-tests-1] TRACE org.apache.xmlbeans.impl.common.XBeanDebug - Loading type system org.apache.xmlbeans.metadata.system.sXMLCONFIG
2024-Sep-12 14:42:59 [TestNG-tests-1] TRACE org.apache.xmlbeans.impl.common.XBeanDebug - Loading type system org.apache.xmlbeans.metadata.system.sXMLLANG
2024-Sep-12 14:42:59 [TestNG-tests-1] TRACE org.apache.xmlbeans.impl.common.XBeanDebug - Loading type system org.apache.xmlbeans.metadata.system.sXMLSCHEMA
2024-Sep-12 14:42:59 [TestNG-tests-1] TRACE org.apache.xmlbeans.impl.common.XBeanDebug - Loading type system org.apache.xmlbeans.metadata.system.sXMLTOOLS
2024-Sep-12 14:42:59 [TestNG-tests-1] TRACE org.apache.xmlbeans.impl.common.XBeanDebug - Reading unresolved handles for type system org.apache.xmlbeans.metadata.system.sXMLTOOLS
2024-Sep-12 14:42:59 [TestNG-tests-1] TRACE org.apache.xmlbeans.impl.common.XBeanDebug - Finished loading type system org.apache.xmlbeans.metadata.system.sXMLTOOLS
2024-Sep-12 14:42:59 [TestNG-tests-1] TRACE org.apache.xmlbeans.impl.common.XBeanDebug - Reading unresolved handles for type system org.apache.xmlbeans.metadata.system.sXMLSCHEMA
2024-Sep-12 14:42:59 [TestNG-tests-1] TRACE org.apache.xmlbeans.impl.common.XBeanDebug - Finished loading type system org.apache.xmlbeans.metadata.system.sXMLSCHEMA
2024-Sep-12 14:42:59 [TestNG-tests-1] TRACE org.apache.xmlbeans.impl.common.XBeanDebug - Reading unresolved handles for type system org.apache.xmlbeans.metadata.system.sXMLLANG
2024-Sep-12 14:42:59 [TestNG-tests-1] TRACE org.apache.xmlbeans.impl.common.XBeanDebug - Finished loading type system org.apache.xmlbeans.metadata.system.sXMLLANG
2024-Sep-12 14:42:59 [TestNG-tests-1] TRACE org.apache.xmlbeans.impl.common.XBeanDebug - Reading unresolved handles for type system org.apache.xmlbeans.metadata.system.sXMLCONFIG
2024-Sep-12 14:42:59 [TestNG-tests-1] TRACE org.apache.xmlbeans.impl.common.XBeanDebug - Finished loading type system org.apache.xmlbeans.metadata.system.sXMLCONFIG
2024-Sep-12 14:42:59 [TestNG-tests-1] TRACE org.apache.xmlbeans.impl.common.XBeanDebug - Reading unresolved handles for type system org.apache.poi.schemas.ooxml.system.ooxml
2024-Sep-12 14:42:59 [TestNG-tests-1] TRACE org.apache.xmlbeans.impl.common.XBeanDebug - Finished loading type system org.apache.poi.schemas.ooxml.system.ooxml
2024-Sep-12 14:42:59 [TestNG-tests-1] TRACE org.apache.xmlbeans.impl.common.XBeanDebug - Resolving type for handle themefd26doctype
2024-Sep-12 14:42:59 [TestNG-tests-1] TRACE org.apache.xmlbeans.impl.common.XBeanDebug - Resolving type for handle stylesheet5d8bdoctype
2024-Sep-12 14:42:59 [TestNG-tests-1] TRACE org.apache.xmlbeans.impl.common.XBeanDebug - Resolving type for handle ctstylesheet4257type
2024-Sep-12 14:42:59 [TestNG-tests-1] TRACE org.apache.xmlbeans.impl.common.XBeanDebug - Resolving type for handle ctnumfmtsb58btype
2024-Sep-12 14:42:59 [TestNG-tests-1] TRACE org.apache.xmlbeans.impl.common.XBeanDebug - Resolving type for handle ctnumfmt3870type
2024-Sep-12 14:42:59 [TestNG-tests-1] TRACE org.apache.xmlbeans.impl.common.XBeanDebug - Resolving type for handle stnumfmtid76fbtype
2024-Sep-12 14:42:59 [TestNG-tests-1] TRACE org.apache.xmlbeans.impl.common.XBeanDebug - Resolving type for handle stxstringf179type
2024-Sep-12 14:42:59 [TestNG-tests-1] TRACE org.apache.xmlbeans.impl.common.XBeanDebug - Resolving type for handle ctfonts6623type
2024-Sep-12 14:42:59 [TestNG-tests-1] TRACE org.apache.xmlbeans.impl.common.XBeanDebug - Resolving type for handle ctfont14d8type
2024-Sep-12 14:42:59 [TestNG-tests-1] TRACE org.apache.xmlbeans.impl.common.XBeanDebug - Resolving type for handle ctfills2c6ftype
2024-Sep-12 14:42:59 [TestNG-tests-1] TRACE org.apache.xmlbeans.impl.common.XBeanDebug - Resolving type for handle ctfill550ctype
2024-Sep-12 14:42:59 [TestNG-tests-1] TRACE org.apache.xmlbeans.impl.common.XBeanDebug - Resolving type for handle ctborders0d66type
2024-Sep-12 14:42:59 [TestNG-tests-1] TRACE org.apache.xmlbeans.impl.common.XBeanDebug - Resolving type for handle ctborderf935type
2024-Sep-12 14:42:59 [TestNG-tests-1] TRACE org.apache.xmlbeans.impl.common.XBeanDebug - Resolving type for handle ctcellxfs1322type
2024-Sep-12 14:42:59 [TestNG-tests-1] TRACE org.apache.xmlbeans.impl.common.XBeanDebug - Resolving type for handle ctxf97f7type
2024-Sep-12 14:42:59 [TestNG-tests-1] TRACE org.apache.xmlbeans.impl.common.XBeanDebug - Resolving type for handle ctcellstylexfsa81ftype
2024-Sep-12 14:42:59 [TestNG-tests-1] TRACE org.apache.xmlbeans.impl.common.XBeanDebug - Resolving type for handle cttablestyles872ftype
2024-Sep-12 14:42:59 [TestNG-tests-1] TRACE org.apache.xmlbeans.impl.common.XBeanDebug - Resolving type for handle sstf81fdoctype
2024-Sep-12 14:42:59 [TestNG-tests-1] TRACE org.apache.xmlbeans.impl.common.XBeanDebug - Resolving type for handle ctsst44f3type
2024-Sep-12 14:42:59 [TestNG-tests-1] TRACE org.apache.xmlbeans.impl.common.XBeanDebug - Resolving type for handle ctrsta472type
2024-Sep-12 14:42:59 [TestNG-tests-1] TRACE org.apache.xmlbeans.impl.common.XBeanDebug - Resolving type for handle workbookec17doctype
2024-Sep-12 14:42:59 [TestNG-tests-1] TRACE org.apache.xmlbeans.impl.common.XBeanDebug - Resolving type for handle ctworkbook83c3type
2024-Sep-12 14:42:59 [TestNG-tests-1] TRACE org.apache.xmlbeans.impl.common.XBeanDebug - Resolving type for handle ctsheets49fdtype
2024-Sep-12 14:42:59 [TestNG-tests-1] TRACE org.apache.xmlbeans.impl.common.XBeanDebug - Resolving type for handle ctsheet4dbetype
2024-Sep-12 14:42:59 [TestNG-tests-1] TRACE org.apache.xmlbeans.impl.common.XBeanDebug - Resolving type for handle strelationshipid1e94type
2024-Sep-12 14:42:59 [TestNG-tests-1] TRACE org.apache.xmlbeans.impl.common.XBeanDebug - Resolving type for handle worksheetf539doctype
2024-Sep-12 14:42:59 [TestNG-tests-1] TRACE org.apache.xmlbeans.impl.common.XBeanDebug - Resolving type for handle ctworksheet530dtype
2024-Sep-12 14:42:59 [TestNG-tests-1] TRACE org.apache.xmlbeans.impl.common.XBeanDebug - Resolving type for handle ctcols627ctype
2024-Sep-12 14:42:59 [TestNG-tests-1] TRACE org.apache.xmlbeans.impl.common.XBeanDebug - Resolving type for handle ctcola95ftype
2024-Sep-12 14:42:59 [TestNG-tests-1] TRACE org.apache.xmlbeans.impl.common.XBeanDebug - Resolving type for handle ctsheetdata8408type
2024-Sep-12 14:42:59 [TestNG-tests-1] TRACE org.apache.xmlbeans.impl.common.XBeanDebug - Resolving type for handle ctrowdd39type
2024-Sep-12 14:42:59 [TestNG-tests-1] TRACE org.apache.xmlbeans.impl.common.XBeanDebug - Resolving type for handle ctcell842btype
2024-Sep-12 14:42:59 [TestNG-tests-1] TRACE org.apache.xmlbeans.impl.common.XBeanDebug - Resolving type for handle stcellrefe4e0type
2024-Sep-12 14:42:59 [TestNG-tests-1] TRACE org.apache.xmlbeans.impl.common.XBeanDebug - Resolving type for handle stcelltypebf95type
2024-Sep-12 14:42:59 [TestNG-test-Product Search Tests-2] DEBUG org.apache.poi.openxml4j.opc.PackageRelationshipCollection - Parsing relationship: /xl/_rels/workbook.xml.rels
2024-Sep-12 14:42:59 [TestNG-test-Product Search Tests-2] DEBUG org.apache.poi.openxml4j.opc.PackageRelationshipCollection - Parsing relationship: /_rels/.rels
2024-Sep-12 14:42:59 [TestNG-test-Product Search Tests-1] DEBUG org.apache.poi.openxml4j.opc.PackageRelationshipCollection - Parsing relationship: /xl/_rels/workbook.xml.rels
2024-Sep-12 14:42:59 [TestNG-test-Product Search Tests-1] DEBUG org.apache.poi.openxml4j.opc.PackageRelationshipCollection - Parsing relationship: /_rels/.rels
2024-Sep-12 14:43:17 [TestNG-PoolService-1] INFO  com.starquick.test.BaseTest - Driver Initialize successfully
2024-Sep-12 14:43:17 [TestNG-PoolService-1] INFO  com.starquick.test.starquickaddcartjourney - Milk Search Product Started
2024-Sep-12 14:43:23 [TestNG-PoolService-1] INFO  com.starquick.pages.BasePage - Search Bar is clicked
2024-Sep-12 14:43:23 [TestNG-PoolService-1] INFO  com.starquick.test.BaseTest - Driver Initialize successfully
2024-Sep-12 14:43:23 [TestNG-PoolService-1] INFO  com.starquick.test.starquickaddcartjourney - Rusk search product Started
2024-Sep-12 14:43:25 [TestNG-PoolService-2] INFO  com.starquick.test.BaseTest - Driver Initialize successfully
2024-Sep-12 14:43:25 [TestNG-PoolService-2] INFO  com.starquick.test.starquickaddcartjourney - Milk Search Product Started
2024-Sep-12 14:43:26 [TestNG-PoolService-2] INFO  com.starquick.test.BaseTest - Driver Initialize successfully
2024-Sep-12 14:43:26 [TestNG-PoolService-2] INFO  com.starquick.test.starquickaddcartjourney - Rusk search product Started
2024-Sep-12 14:43:26 [TestNG-PoolService-1] INFO  com.starquick.pages.BasePage - Search Bar is clicked
2024-Sep-12 14:43:35 [TestNG-PoolService-1] INFO  com.starquick.pages.BasePage - Milk? is Successfully entered in Username Field
2024-Sep-12 14:43:38 [TestNG-PoolService-1] INFO  com.starquick.pages.BasePage - Rusk? is Successfully entered in Username Field
2024-Sep-12 14:43:49 [TestNG-PoolService-2] INFO  com.starquick.pages.BasePage - Search Bar is clicked
2024-Sep-12 14:43:49 [TestNG-PoolService-2] INFO  com.starquick.pages.BasePage - Search Bar is clicked
2024-Sep-12 14:44:07 [TestNG-PoolService-1] INFO  com.starquick.pages.BasePage - Amul milk is clicked
2024-Sep-12 14:44:08 [TestNG-PoolService-2] INFO  com.starquick.pages.BasePage - Rusk? is Successfully entered in Username Field
2024-Sep-12 14:44:09 [TestNG-PoolService-1] INFO  com.starquick.pages.BasePage - Search Bar is clicked
2024-Sep-12 14:44:16 [TestNG-PoolService-1] INFO  com.starquick.pages.BasePage - Rusk is clicked
2024-Sep-12 14:44:17 [TestNG-PoolService-2] INFO  com.starquick.pages.BasePage - Milk? is Successfully entered in Username Field
2024-Sep-12 14:44:18 [TestNG-PoolService-1] INFO  com.starquick.pages.BasePage - Add to card is clicked
2024-Sep-12 14:44:23 [TestNG-PoolService-2] INFO  com.starquick.pages.BasePage - Rusk is clicked
2024-Sep-12 14:44:24 [TestNG-PoolService-2] INFO  com.starquick.pages.BasePage - Add to card is clicked
2024-Sep-12 14:44:24 [TestNG-PoolService-1] INFO  com.starquick.pages.BasePage - Amul Masti Dahi Pouch? is Successfully entered in Username Field
2024-Sep-12 14:44:27 [TestNG-PoolService-3] INFO  com.starquick.test.BaseTest - Driver Initialize successfully
2024-Sep-12 14:44:27 [TestNG-PoolService-3] INFO  com.starquick.test.starquickaddcartjourney - Milk Search Product Started
2024-Sep-12 14:44:27 [TestNG-PoolService-3] INFO  com.starquick.test.BaseTest - Driver Initialize successfully
2024-Sep-12 14:44:27 [TestNG-PoolService-3] INFO  com.starquick.test.starquickaddcartjourney - Rusk search product Started
2024-Sep-12 14:44:28 [TestNG-PoolService-1] INFO  com.starquick.pages.BasePage - Close button is clicked
2024-Sep-12 14:44:28 [TestNG-PoolService-1] INFO  com.starquick.pages.BasePage - Search Bar is clicked
2024-Sep-12 14:44:28 [TestNG-PoolService-3] INFO  com.starquick.pages.BasePage - Search Bar is clicked
2024-Sep-12 14:44:29 [TestNG-PoolService-3] INFO  com.starquick.pages.BasePage - Search Bar is clicked
2024-Sep-12 14:44:30 [TestNG-PoolService-2] INFO  com.starquick.pages.BasePage - Amul milk is clicked
2024-Sep-12 14:44:31 [TestNG-PoolService-2] INFO  com.starquick.pages.BasePage - Search Bar is clicked
2024-Sep-12 14:44:36 [TestNG-PoolService-1] INFO  com.starquick.pages.BasePage - Amul_Masti_Dahi_Pouch is clicked
2024-Sep-12 14:44:39 [TestNG-PoolService-3] INFO  com.starquick.pages.BasePage - Milk? is Successfully entered in Username Field
2024-Sep-12 14:44:40 [TestNG-PoolService-3] INFO  com.starquick.pages.BasePage - Rusk? is Successfully entered in Username Field
2024-Sep-12 14:44:41 [TestNG-PoolService-1] INFO  com.starquick.pages.BasePage - Britania Rusk? is Successfully entered in Username Field
2024-Sep-12 14:44:44 [TestNG-PoolService-2] INFO  com.starquick.pages.BasePage - Amul Masti Dahi Pouch? is Successfully entered in Username Field
2024-Sep-12 14:44:46 [TestNG-PoolService-1] INFO  com.starquick.pages.BasePage - Add to card is clicked
2024-Sep-12 14:44:51 [TestNG-PoolService-3] INFO  com.starquick.pages.BasePage - Amul milk is clicked
2024-Sep-12 14:44:54 [TestNG-PoolService-3] INFO  com.starquick.pages.BasePage - Search Bar is clicked
2024-Sep-12 14:44:57 [TestNG-PoolService-2] INFO  com.starquick.pages.BasePage - Amul_Masti_Dahi_Pouch is clicked
2024-Sep-12 14:44:58 [TestNG-PoolService-3] INFO  com.starquick.pages.BasePage - Rusk is clicked
2024-Sep-12 14:44:58 [TestNG-PoolService-3] INFO  com.starquick.pages.BasePage - Add to card is clicked
2024-Sep-12 14:45:01 [TestNG-PoolService-1] INFO  com.starquick.pages.BasePage - Rusk is clicked
2024-Sep-12 14:45:03 [TestNG-PoolService-1] INFO  com.starquick.pages.BasePage - Add to card is not able clicked
2024-Sep-12 14:45:04 [TestNG-PoolService-1] INFO  com.starquick.pages.BasePage - Add to card is not able clicked
]]></system-out>
    <system-err><![CDATA[SLF4J: Failed to load class "org.slf4j.impl.StaticLoggerBinder".
SLF4J: Defaulting to no-operation (NOP) logger implementation
SLF4J: See http://www.slf4j.org/codes.html#StaticLoggerBinder for further details.
Sep 12, 2024 2:43:00 PM org.openqa.selenium.remote.tracing.opentelemetry.OpenTelemetryTracer createTracer
INFO: Using OpenTelemetry for tracing
]]></system-err>
  </testcase>
  <testcase name="Milksearchproduct[{product=Milk, testname=Milksearchproduct, SecondProduct=Amul Masti Dahi Pouch, execute=Yes, browser=Edge}](1)" classname="com.starquick.test.starquickaddcartjourney" time="41.86">
    <system-out><![CDATA[2024-Sep-12 14:45:05 [TestNG-PoolService-3] INFO  com.starquick.pages.BasePage - Amul Masti Dahi Pouch? is Successfully entered in Username Field
2024-Sep-12 14:45:05 [TestNG-PoolService-1] INFO  com.starquick.pages.BasePage - Add to card is not able clicked
2024-Sep-12 14:45:07 [TestNG-PoolService-1] INFO  com.starquick.pages.BasePage - Add to card is not able clicked
2024-Sep-12 14:45:08 [TestNG-PoolService-2] INFO  com.starquick.pages.BasePage - Add to card is clicked
2024-Sep-12 14:45:08 [TestNG-PoolService-1] INFO  com.starquick.pages.BasePage - Add to card is not able clicked
2024-Sep-12 14:45:08 [TestNG-PoolService-2] INFO  com.starquick.test.BaseTest - Driver Quit successfully
2024-Sep-12 14:45:09 [TestNG-PoolService-2] INFO  com.starquick.test.starquickaddcartjourney - Milk Search Product End
2024-Sep-12 14:45:09 [TestNG-PoolService-3] INFO  com.starquick.pages.BasePage - Close button is clicked
2024-Sep-12 14:45:09 [TestNG-PoolService-1] INFO  com.starquick.pages.BasePage - Add to card is not able clicked
]]></system-out>
  </testcase>
  <testcase name="Rusksearchproduct[{product=Rusk, testname=Rusksearchproduct, SecondProduct=Britania Rusk, execute=Yes, browser=Chrome}](2)" classname="com.starquick.test.starquickaddcartjourney" time="46.004">
    <system-out><![CDATA[2024-Sep-12 14:45:09 [TestNG-PoolService-1] INFO  com.starquick.test.starquickaddcartjourney - Rusk search product End
2024-Sep-12 14:45:09 [TestNG-PoolService-3] INFO  com.starquick.pages.BasePage - Search Bar is clicked
2024-Sep-12 14:45:11 [TestNG-PoolService-2] INFO  com.starquick.test.BaseTest - Driver Quit successfully
]]></system-out>
  </testcase>
  <testcase name="Milksearchproduct[{product=Milk, testname=Milksearchproduct, SecondProduct=Amul Masti Dahi Pouch, execute=Yes, browser=Chrome}](2)" classname="com.starquick.test.starquickaddcartjourney" time="46.585">
    <system-out><![CDATA[2024-Sep-12 14:45:14 [TestNG-PoolService-1] INFO  com.starquick.test.starquickaddcartjourney - Milk Search Product End
]]></system-out>
  </testcase>
  <testcase name="Milksearchproduct[{product=Milk, testname=Milksearchproduct, SecondProduct=Amul Masti Dahi Pouch, execute=Yes, browser=FireFox}](3)" classname="com.starquick.test.starquickaddcartjourney" time="4.545">
    <system-out><![CDATA[2024-Sep-12 14:45:14 [TestNG-PoolService-1] INFO  com.starquick.test.BaseTest - Driver Quit successfully
2024-Sep-12 14:45:14 [TestNG-PoolService-1] INFO  com.starquick.test.BaseTest - Driver Quit successfully
2024-Sep-12 14:45:15 [TestNG-PoolService-3] INFO  com.starquick.pages.BasePage - Amul_Masti_Dahi_Pouch is clicked
2024-Sep-12 14:45:20 [TestNG-PoolService-3] INFO  com.starquick.pages.BasePage - Britania Rusk? is Successfully entered in Username Field
2024-Sep-12 14:45:22 [TestNG-PoolService-2] INFO  com.starquick.test.BaseTest - Driver Initialize successfully
2024-Sep-12 14:45:22 [TestNG-PoolService-2] INFO  com.starquick.test.starquickaddcartjourney - Rusk search product Started
2024-Sep-12 14:45:23 [TestNG-PoolService-2] INFO  com.starquick.pages.BasePage - Search Bar is clicked
2024-Sep-12 14:45:25 [TestNG-PoolService-3] INFO  com.starquick.pages.BasePage - Add to card is clicked
2024-Sep-12 14:45:26 [TestNG-PoolService-3] INFO  com.starquick.test.starquickaddcartjourney - Milk Search Product End
]]></system-out>
  </testcase>
  <testcase name="Rusksearchproduct[{product=Rusk, testname=Rusksearchproduct, SecondProduct=Britania Rusk, execute=Yes, browser=FireFox}](3)" classname="com.starquick.test.starquickaddcartjourney" time="19.459">
    <system-out><![CDATA[2024-Sep-12 14:45:27 [TestNG-PoolService-3] INFO  com.starquick.test.BaseTest - Driver Quit successfully
2024-Sep-12 14:45:35 [TestNG-PoolService-2] INFO  com.starquick.pages.BasePage - Rusk? is Successfully entered in Username Field
2024-Sep-12 14:45:40 [TestNG-PoolService-3] INFO  com.starquick.pages.BasePage - Rusk is clicked
2024-Sep-12 14:45:40 [TestNG-PoolService-3] INFO  com.starquick.pages.BasePage - Add to card is not able clicked
2024-Sep-12 14:45:40 [TestNG-PoolService-3] INFO  com.starquick.pages.BasePage - Add to card is not able clicked
2024-Sep-12 14:45:40 [TestNG-PoolService-3] INFO  com.starquick.pages.BasePage - Add to card is not able clicked
2024-Sep-12 14:45:40 [TestNG-PoolService-3] INFO  com.starquick.pages.BasePage - Add to card is not able clicked
2024-Sep-12 14:45:40 [TestNG-PoolService-3] INFO  com.starquick.pages.BasePage - Add to card is not able clicked
2024-Sep-12 14:45:40 [TestNG-PoolService-3] INFO  com.starquick.pages.BasePage - Add to card is not able clicked
2024-Sep-12 14:45:41 [TestNG-PoolService-3] INFO  com.starquick.test.starquickaddcartjourney - Rusk search product End
]]></system-out>
  </testcase>
  <testcase name="Rusksearchproduct[{product=Rusk, testname=Rusksearchproduct, SecondProduct=Britania Rusk, execute=Yes, browser=Edge}](4)" classname="com.starquick.test.starquickaddcartjourney" time="74.224">
    <system-out><![CDATA[2024-Sep-12 14:45:42 [TestNG-PoolService-3] INFO  com.starquick.test.BaseTest - Driver Quit successfully
2024-Sep-12 14:45:46 [TestNG-PoolService-2] INFO  com.starquick.pages.BasePage - Rusk is clicked
2024-Sep-12 14:45:46 [TestNG-PoolService-2] INFO  com.starquick.pages.BasePage - Add to card is clicked
2024-Sep-12 14:45:57 [TestNG-PoolService-2] INFO  com.starquick.pages.BasePage - Close button is clicked
2024-Sep-12 14:45:57 [TestNG-PoolService-2] INFO  com.starquick.pages.BasePage - Search Bar is clicked
2024-Sep-12 14:46:09 [TestNG-PoolService-2] INFO  com.starquick.pages.BasePage - Britania Rusk? is Successfully entered in Username Field
2024-Sep-12 14:46:29 [TestNG-PoolService-2] INFO  com.starquick.pages.BasePage - Rusk is clicked
2024-Sep-12 14:46:30 [TestNG-PoolService-2] INFO  com.starquick.pages.BasePage - Add to card is not able clicked
2024-Sep-12 14:46:31 [TestNG-PoolService-2] INFO  com.starquick.pages.BasePage - Add to card is not able clicked
2024-Sep-12 14:46:32 [TestNG-PoolService-2] INFO  com.starquick.pages.BasePage - Add to card is not able clicked
2024-Sep-12 14:46:33 [TestNG-PoolService-2] INFO  com.starquick.pages.BasePage - Add to card is not able clicked
2024-Sep-12 14:46:35 [TestNG-PoolService-2] INFO  com.starquick.pages.BasePage - Add to card is not able clicked
2024-Sep-12 14:46:36 [TestNG-PoolService-2] INFO  com.starquick.pages.BasePage - Add to card is not able clicked
2024-Sep-12 14:46:36 [TestNG-PoolService-2] INFO  com.starquick.test.starquickaddcartjourney - Rusk search product End
]]></system-out>
  </testcase>
</testsuite>