<?xml version="1.0" encoding="UTF-8"?>
<!-- Generated by org.testng.reporters.JUnitReportReporter -->
<testsuite hostname="DESKTOP-CG41JSG" failures="0" tests="9" name="com.starquick.test.starquickaddcartjourney" time="2162.163" errors="0" timestamp="2024-09-12T13:46:43 IST" skipped="3">
  <testcase classname="com.starquick.test.starquickaddcartjourney" name="Milksearchproduct" time="152.646"/>
  <testcase classname="com.starquick.test.starquickaddcartjourney" name="Milksearchproduct" time="295.728">
    <skipped/>
  </testcase> <!-- Milksearchproduct -->
  <testcase classname="com.starquick.test.starquickaddcartjourney" name="Milksearchproduct" time="200.320"/>
  <testcase classname="com.starquick.test.starquickaddcartjourney" name="Milksearchproduct" time="288.341"/>
  <testcase classname="com.starquick.test.starquickaddcartjourney" name="Rusksearchproduct" time="193.838"/>
  <testcase classname="com.starquick.test.starquickaddcartjourney" name="Rusksearchproduct" time="379.857"/>
  <testcase classname="com.starquick.test.starquickaddcartjourney" name="Rusksearchproduct" time="205.324">
    <skipped/>
  </testcase> <!-- Rusksearchproduct -->
  <testcase classname="com.starquick.test.starquickaddcartjourney" name="Rusksearchproduct" time="170.508"/>
  <testcase classname="com.starquick.test.starquickaddcartjourney" name="Rusksearchproduct" time="275.601">
    <skipped/>
  </testcase> <!-- Rusksearchproduct -->
</testsuite> <!-- com.starquick.test.starquickaddcartjourney -->
