<?xml version="1.0" encoding="UTF-8"?>
<!-- Generated by org.testng.reporters.JUnitReportReporter -->
<testsuite hostname="DESKTOP-CG41JSG" failures="0" tests="7" name="com.starquick.test.starquickaddcartjourney" time="923.558" errors="0" timestamp="2024-09-12T14:47:01 IST" skipped="1">
  <testcase classname="com.starquick.test.starquickaddcartjourney" name="Milksearchproduct" time="86.135"/>
  <testcase classname="com.starquick.test.starquickaddcartjourney" name="Milksearchproduct" time="144.905"/>
  <testcase classname="com.starquick.test.starquickaddcartjourney" name="Milksearchproduct" time="127.582"/>
  <testcase classname="com.starquick.test.starquickaddcartjourney" name="Rusksearchproduct" time="165.230"/>
  <testcase classname="com.starquick.test.starquickaddcartjourney" name="Rusksearchproduct" time="124.707"/>
  <testcase classname="com.starquick.test.starquickaddcartjourney" name="Rusksearchproduct" time="162.897"/>
  <testcase classname="com.starquick.test.starquickaddcartjourney" name="Rusksearchproduct" time="112.102">
    <skipped/>
  </testcase> <!-- Rusksearchproduct -->
</testsuite> <!-- com.starquick.test.starquickaddcartjourney -->
